build/app/outputs/mapping/release/mapping.txt
# compiler: R8
# compiler_version: 1.5.69
# min_api: 16
# pg_map_id: 2146135
com.webdevwithus.the_master_app.Application -> com.webdevwithus.the_master_app.Application:
    void registerWith(io.flutter.plugin.common.PluginRegistry) -> a
...
com.google.firebase.installations.InstallationTokenResult$Builder -> com.google.firebase.installations.m$a:
    com.google.firebase.installations.InstallationTokenResult build() -> a
    com.google.firebase.installations.InstallationTokenResult$Builder setToken(java.lang.String) -> a
    com.google.firebase.installations.InstallationTokenResult$Builder setTokenCreationTimestamp(long) -> a
    com.google.firebase.installations.InstallationTokenResult$Builder setTokenExpirationTimestamp(long) -> b
com.google.firebase.installations.RandomFidGenerator -> com.google.firebase.installations.n:
    byte REMOVE_PREFIX_MASK -> b
    byte FID_4BIT_PREFIX -> a
    java.lang.String createRandomFid() -> a
    java.lang.String encodeFidBase64UrlSafe(byte[]) -> a
    byte[] getBytesFromUUID(java.util.UUID,byte[]) -> a
com.google.firebase.installations.StateListener -> com.google.firebase.installations.o:
    boolean onException(com.google.firebase.installations.local.PersistedInstallationEntry,java.lang.Exception) -> a
    boolean onStateReached(com.google.firebase.installations.local.PersistedInstallationEntry) -> a
com.google.firebase.installations.Utils -> com.google.firebase.installations.p:
    java.util.regex.Pattern API_KEY_FORMAT -> b
    long AUTH_TOKEN_EXPIRATION_BUFFER_IN_SECS -> a
    long currentTimeInSecs() -> a
    boolean isAuthTokenExpired(com.google.firebase.installations.local.PersistedInstallationEntry) -> a
    boolean isValidApiKeyFormat(java.lang.String) -> a
    boolean isValidAppIdFormat(java.lang.String) -> b
com.google.firebase.installations.local.AutoValue_PersistedInstallationEntry -> com.google.firebase.installations.q.a:
    java.lang.String fisError -> g
    long tokenCreationEpochInSecs -> f
    long expiresInSecs -> e
    java.lang.String firebaseInstallationId -> a
    com.google.firebase.installations.local.PersistedInstallation$RegistrationStatus registrationStatus -> b
    java.lang.String authToken -> c
    java.lang.String refreshToken -> d
    java.lang.String getAuthToken() -> a
    long getExpiresInSecs() -> b
    java.lang.String getFirebaseInstallationId() -> c
    java.lang.String getFisError() -> d
    java.lang.String getRefreshToken() -> e
    com.google.firebase.installations.local.PersistedInstallation$RegistrationStatus getRegistrationStatus() -> f
    long getTokenCreationEpochInSecs() -> g
    com.google.firebase.installations.local.PersistedInstallationEntry$Builder toBuilder() -> m
com.google.firebase.installations.local.AutoValue_PersistedInstallationEntry$1 -> com.google.firebase.installations.q.a$a: